0 info it worked if it ends with ok
1 verbose cli [ '/usr/bin/node', '/usr/bin/npm', 'install', 'errorhanler' ]
2 info using npm@1.4.28
3 info using node@v0.10.40
4 verbose node symlink /usr/bin/node
5 warn package.json twyst@0.0.1 No description
6 warn package.json twyst@0.0.1 No repository field.
7 warn package.json twyst@0.0.1 No README data
8 verbose readDependencies using package.json deps
9 verbose cache add [ 'errorhanler', null ]
10 verbose cache add name=undefined spec="errorhanler" args=["errorhanler",null]
11 verbose parsed url { protocol: null,
11 verbose parsed url   slashes: null,
11 verbose parsed url   auth: null,
11 verbose parsed url   host: null,
11 verbose parsed url   port: null,
11 verbose parsed url   hostname: null,
11 verbose parsed url   hash: null,
11 verbose parsed url   search: null,
11 verbose parsed url   query: null,
11 verbose parsed url   pathname: 'errorhanler',
11 verbose parsed url   path: 'errorhanler',
11 verbose parsed url   href: 'errorhanler' }
12 silly lockFile b2b33905-errorhanler errorhanler
13 verbose lock errorhanler /root/.npm/b2b33905-errorhanler.lock
14 silly lockFile b2b33905-errorhanler errorhanler
15 silly lockFile b2b33905-errorhanler errorhanler
16 verbose addNamed [ 'errorhanler', '' ]
17 verbose addNamed [ null, '*' ]
18 silly lockFile 3a9eedb7-errorhanler errorhanler@
19 verbose lock errorhanler@ /root/.npm/3a9eedb7-errorhanler.lock
20 silly addNameRange { name: 'errorhanler', range: '*', hasData: false }
21 verbose request where is /errorhanler
22 verbose request registry https://registry.npmjs.org/
23 verbose request id 29238a410cad8e50
24 verbose url raw /errorhanler
25 verbose url resolving [ 'https://registry.npmjs.org/', './errorhanler' ]
26 verbose url resolved https://registry.npmjs.org/errorhanler
27 verbose request where is https://registry.npmjs.org/errorhanler
28 info trying registry request attempt 1 at 02:11:59
29 http GET https://registry.npmjs.org/errorhanler
30 http 404 https://registry.npmjs.org/errorhanler
31 silly registry.get cb [ 404,
31 silly registry.get   { 'content-type': 'application/json',
31 silly registry.get     'cache-control': 'max-age=0',
31 silly registry.get     'content-length': '2',
31 silly registry.get     'accept-ranges': 'bytes',
31 silly registry.get     date: 'Sun, 13 Sep 2015 06:11:59 GMT',
31 silly registry.get     via: '1.1 varnish',
31 silly registry.get     age: '0',
31 silly registry.get     connection: 'keep-alive',
31 silly registry.get     'x-served-by': 'cache-atl6220-ATL',
31 silly registry.get     'x-cache': 'MISS',
31 silly registry.get     'x-cache-hits': '0',
31 silly registry.get     'x-timer': 'S1442124719.221956,VS0,VE30' } ]
32 silly lockFile 3a9eedb7-errorhanler errorhanler@
33 silly lockFile 3a9eedb7-errorhanler errorhanler@
34 error 404 Not Found
34 error 404
34 error 404 'errorhanler' is not in the npm registry.
34 error 404 You should bug the author to publish it
34 error 404 It was specified as a dependency of 'twyst'
34 error 404
34 error 404 Note that you can also install from a
34 error 404 tarball, folder, or http url, or git url.
35 error System Linux 4.1.5-x86_64-linode61
36 error command "/usr/bin/node" "/usr/bin/npm" "install" "errorhanler"
37 error cwd /root/sabrelab
38 error node -v v0.10.40
39 error npm -v 1.4.28
40 error code E404
41 verbose exit [ 1, true ]
